<?xml version="1.0" encoding="UTF-8"?>
<!-- Generated by org.testng.reporters.JUnitXMLReporter -->
<testsuite ignored="0" hostname="LAPTOP-RAJESH" failures="1" tests="3" name="Yahoo test" time="2.495" errors="0" timestamp="2023-12-09T18:02:27 IST">
  <testcase classname="TestNG" name="a" time="0.009"/>
  <testcase classname="TestNG" name="b" time="0.001"/>
  <testcase classname="TestNG" name="f" time="2.411">
    <failure type="org.openqa.selenium.WebDriverException" message="unknown error: Failed to create Chrome process.
Build info: version: &amp;apos;3.141.59&amp;apos;, revision: &amp;apos;e82be7d358&amp;apos;, time: &amp;apos;2018-11-14T08:25:48&amp;apos;
System info: host: &amp;apos;LAPTOP-RAJESH&amp;apos;, ip: &amp;apos;192.168.140.117&amp;apos;, os.name: &amp;apos;Windows 10&amp;apos;, os.arch: &amp;apos;amd64&amp;apos;, os.version: &amp;apos;10.0&amp;apos;, java.version: &amp;apos;21.0.1&amp;apos;
Driver info: driver.version: ChromeDriver
remote stacktrace: 	GetHandleVerifier [0x00007FF60C3C4D02+56194]
	(No symbol) [0x00007FF60C3304B2]
	(No symbol) [0x00007FF60C1D76AA]
	(No symbol) [0x00007FF60C20A950]
	(No symbol) [0x00007FF60C207DC2]
	(No symbol) [0x00007FF60C250954]
	(No symbol) [0x00007FF60C245C23]
	(No symbol) [0x00007FF60C214A45]
	(No symbol) [0x00007FF60C215AD4]
	GetHandleVerifier [0x00007FF60C73D5BB+3695675]
	GetHandleVerifier [0x00007FF60C796197+4059159]
	GetHandleVerifier [0x00007FF60C78DF63+4025827]
	GetHandleVerifier [0x00007FF60C45F029+687785]
	(No symbol) [0x00007FF60C33B508]
	(No symbol) [0x00007FF60C337564]
	(No symbol) [0x00007FF60C3376E9]
	(No symbol) [0x00007FF60C328094]
	BaseThreadInitThunk [0x00007FFACDD07344+20]
	RtlUserThreadStart [0x00007FFACE9C26B1+33]
">
      <![CDATA[org.openqa.selenium.WebDriverException: unknown error: Failed to create Chrome process.
Build info: version: '3.141.59', revision: 'e82be7d358', time: '2018-11-14T08:25:48'
System info: host: 'LAPTOP-RAJESH', ip: '192.168.140.117', os.name: 'Windows 10', os.arch: 'amd64', os.version: '10.0', java.version: '21.0.1'
Driver info: driver.version: ChromeDriver
remote stacktrace: GetHandleVerifier [0x00007FF60C3C4D02+56194]
(No symbol) [0x00007FF60C3304B2]
(No symbol) [0x00007FF60C1D76AA]
(No symbol) [0x00007FF60C20A950]
(No symbol) [0x00007FF60C207DC2]
(No symbol) [0x00007FF60C250954]
(No symbol) [0x00007FF60C245C23]
(No symbol) [0x00007FF60C214A45]
(No symbol) [0x00007FF60C215AD4]
GetHandleVerifier [0x00007FF60C73D5BB+3695675]
GetHandleVerifier [0x00007FF60C796197+4059159]
GetHandleVerifier [0x00007FF60C78DF63+4025827]
GetHandleVerifier [0x00007FF60C45F029+687785]
(No symbol) [0x00007FF60C33B508]
(No symbol) [0x00007FF60C337564]
(No symbol) [0x00007FF60C3376E9]
(No symbol) [0x00007FF60C328094]
BaseThreadInitThunk [0x00007FFACDD07344+20]
RtlUserThreadStart [0x00007FFACE9C26B1+33]

at org.openqa.selenium.remote.W3CHandshakeResponse.lambda$errorHandler$0(W3CHandshakeResponse.java:62)
at org.openqa.selenium.remote.HandshakeResponse.lambda$getResponseFunction$0(HandshakeResponse.java:30)
at org.openqa.selenium.remote.ProtocolHandshake.lambda$createSession$0(ProtocolHandshake.java:126)
at java.base/java.util.stream.ReferencePipeline$3$1.accept(ReferencePipeline.java:197)
at java.base/java.util.Spliterators$ArraySpliterator.tryAdvance(Spliterators.java:1034)
at java.base/java.util.stream.ReferencePipeline.forEachWithCancel(ReferencePipeline.java:129)
at java.base/java.util.stream.AbstractPipeline.copyIntoWithCancel(AbstractPipeline.java:527)
at java.base/java.util.stream.AbstractPipeline.copyInto(AbstractPipeline.java:513)
at java.base/java.util.stream.AbstractPipeline.wrapAndCopyInto(AbstractPipeline.java:499)
at java.base/java.util.stream.FindOps$FindOp.evaluateSequential(FindOps.java:150)
at java.base/java.util.stream.AbstractPipeline.evaluate(AbstractPipeline.java:234)
at java.base/java.util.stream.ReferencePipeline.findFirst(ReferencePipeline.java:647)
at org.openqa.selenium.remote.ProtocolHandshake.createSession(ProtocolHandshake.java:128)
at org.openqa.selenium.remote.ProtocolHandshake.createSession(ProtocolHandshake.java:74)
at org.openqa.selenium.remote.HttpCommandExecutor.execute(HttpCommandExecutor.java:136)
at org.openqa.selenium.remote.service.DriverCommandExecutor.execute(DriverCommandExecutor.java:83)
at org.openqa.selenium.remote.RemoteWebDriver.execute(RemoteWebDriver.java:552)
at org.openqa.selenium.remote.RemoteWebDriver.startSession(RemoteWebDriver.java:213)
at org.openqa.selenium.remote.RemoteWebDriver.<init>(RemoteWebDriver.java:131)
at org.openqa.selenium.chrome.ChromeDriver.<init>(ChromeDriver.java:181)
at org.openqa.selenium.chrome.ChromeDriver.<init>(ChromeDriver.java:168)
at org.openqa.selenium.chrome.ChromeDriver.<init>(ChromeDriver.java:157)
at TestNG.f(TestNG.java:37)
at java.base/java.util.ArrayList.forEach(ArrayList.java:1596)
... Removed 28 stack frames]]>
    </failure>
  </testcase> <!-- f -->
</testsuite> <!-- Yahoo test -->
